SF:lib/dialogs/game/game_over_dialog.dart
DA:13,2
DA:22,2
DA:24,2
DA:25,6
DA:26,2
DA:28,2
DA:29,2
DA:31,2
DA:33,2
DA:40,2
DA:41,2
DA:51,2
DA:52,2
DA:54,2
DA:55,2
DA:56,2
DA:57,2
DA:66,2
DA:68,2
DA:69,4
DA:70,8
DA:71,8
DA:79,2
DA:80,2
DA:81,2
DA:82,2
DA:83,2
DA:84,2
DA:85,2
DA:86,2
DA:88,2
DA:90,2
DA:93,2
DA:94,2
DA:108,2
DA:109,2
DA:110,2
DA:111,2
DA:112,2
DA:113,2
DA:115,2
DA:117,2
DA:120,2
DA:121,2
DA:143,2
DA:144,2
DA:145,2
DA:146,2
DA:156,2
LF:49
LH:49
end_of_record
SF:lib/l10n/app_localizations.dart
DA:76,6
DA:77,12
DA:81,6
DA:82,6
DA:390,4
DA:392,6
DA:394,12
DA:397,6
DA:398,6
DA:412,12
DA:414,1
DA:418,6
DA:420,6
DA:421,6
DA:422,0
DA:423,6
DA:424,0
DA:425,6
DA:426,0
DA:427,6
DA:428,6
DA:429,0
DA:430,0
DA:431,0
DA:432,0
DA:433,0
DA:434,0
DA:435,0
DA:436,0
DA:437,0
DA:438,0
DA:439,0
DA:440,0
DA:441,0
DA:442,0
DA:443,0
DA:444,0
DA:445,0
DA:446,0
DA:449,0
LF:40
LH:18
end_of_record
SF:lib/providers/locale_provider.dart
DA:6,12
DA:8,0
DA:9,0
DA:10,0
LF:4
LH:1
end_of_record
SF:lib/widgets/home/glass_morphism_card.dart
DA:6,6
DA:13,6
DA:15,6
DA:16,6
DA:17,6
DA:18,6
DA:19,6
DA:20,6
DA:21,6
DA:22,6
DA:23,6
DA:24,18
DA:25,18
DA:30,6
DA:31,6
DA:32,18
DA:35,6
DA:36,6
DA:37,18
DA:43,6
LF:20
LH:20
end_of_record
SF:lib/dialogs/game/main_menu_confirm_dialog.dart
DA:9,2
DA:15,2
DA:17,2
DA:18,2
DA:20,2
DA:21,2
DA:23,2
DA:25,2
DA:32,2
DA:33,2
DA:42,2
DA:43,2
DA:53,2
DA:54,2
DA:55,2
DA:56,2
DA:57,2
DA:58,2
DA:59,2
DA:60,2
DA:62,2
DA:64,2
DA:67,2
DA:68,2
DA:82,2
DA:83,2
DA:84,2
DA:85,2
DA:86,2
DA:87,2
DA:89,2
DA:91,2
DA:94,2
DA:95,2
LF:34
LH:34
end_of_record
SF:lib/dialogs/game/pause_dialog.dart
DA:10,2
DA:17,2
DA:19,2
DA:20,2
DA:22,2
DA:23,2
DA:25,2
DA:27,2
DA:34,2
DA:35,2
DA:44,2
DA:46,4
DA:56,2
DA:57,2
DA:59,2
DA:61,2
DA:62,2
DA:63,2
DA:64,2
DA:65,2
DA:67,2
DA:69,2
DA:72,2
DA:73,2
DA:89,2
DA:91,2
DA:92,2
DA:93,2
DA:94,2
DA:95,2
DA:97,2
DA:99,2
DA:102,2
DA:103,2
LF:34
LH:34
end_of_record
SF:lib/dialogs/game/restart_confirm_dialog.dart
DA:9,2
DA:15,2
DA:17,2
DA:18,2
DA:20,2
DA:21,2
DA:23,2
DA:25,2
DA:32,2
DA:33,2
DA:42,2
DA:43,2
DA:53,2
DA:54,2
DA:55,2
DA:56,2
DA:57,2
DA:58,2
DA:59,2
DA:60,2
DA:62,2
DA:64,2
DA:67,2
DA:68,2
DA:82,2
DA:83,2
DA:84,2
DA:85,2
DA:86,2
DA:87,2
DA:89,2
DA:91,2
DA:94,2
DA:95,2
LF:34
LH:34
end_of_record
SF:lib/l10n/app_localizations_ar.dart
DA:9,0
DA:11,0
DA:14,0
DA:17,0
DA:20,0
DA:23,0
DA:26,0
DA:29,0
DA:32,0
DA:35,0
DA:38,0
DA:41,0
DA:44,0
DA:47,0
DA:50,0
DA:53,0
DA:56,0
DA:59,0
DA:62,0
DA:65,0
DA:68,0
DA:71,0
DA:74,0
DA:77,0
DA:80,0
DA:83,0
DA:86,0
DA:89,0
DA:92,0
DA:95,0
DA:98,0
DA:101,0
DA:104,0
DA:107,0
DA:110,0
DA:113,0
DA:116,0
DA:119,0
DA:122,0
DA:125,0
DA:128,0
DA:131,0
DA:134,0
DA:138,0
DA:141,0
LF:45
LH:0
end_of_record
SF:lib/l10n/app_localizations_bn.dart
DA:9,0
DA:11,0
DA:14,0
DA:17,0
DA:20,0
DA:23,0
DA:26,0
DA:29,0
DA:32,0
DA:35,0
DA:38,0
DA:41,0
DA:44,0
DA:47,0
DA:50,0
DA:54,0
DA:57,0
DA:60,0
DA:63,0
DA:66,0
DA:69,0
DA:73,0
DA:76,0
DA:80,0
DA:83,0
DA:86,0
DA:89,0
DA:92,0
DA:95,0
DA:98,0
DA:101,0
DA:104,0
DA:107,0
DA:110,0
DA:113,0
DA:116,0
DA:119,0
DA:122,0
DA:125,0
DA:128,0
DA:131,0
DA:134,0
DA:137,0
DA:141,0
DA:144,0
LF:45
LH:0
end_of_record
SF:lib/l10n/app_localizations_de.dart
DA:9,0
DA:11,0
DA:14,0
DA:17,0
DA:20,0
DA:23,0
DA:26,0
DA:29,0
DA:32,0
DA:35,0
DA:38,0
DA:41,0
DA:44,0
DA:47,0
DA:50,0
DA:54,0
DA:57,0
DA:60,0
DA:63,0
DA:67,0
DA:70,0
DA:74,0
DA:77,0
DA:81,0
DA:84,0
DA:87,0
DA:90,0
DA:93,0
DA:96,0
DA:99,0
DA:102,0
DA:105,0
DA:108,0
DA:111,0
DA:114,0
DA:117,0
DA:120,0
DA:123,0
DA:127,0
DA:130,0
DA:133,0
DA:136,0
DA:139,0
DA:143,0
DA:146,0
LF:45
LH:0
end_of_record
SF:lib/l10n/app_localizations_en.dart
DA:9,12
DA:11,1
DA:14,1
DA:17,1
DA:20,1
DA:23,1
DA:26,1
DA:29,1
DA:32,1
DA:35,1
DA:38,1
DA:41,1
DA:44,0
DA:47,0
DA:50,0
DA:53,0
DA:56,0
DA:59,0
DA:62,0
DA:65,0
DA:68,0
DA:71,0
DA:74,0
DA:78,0
DA:81,4
DA:84,2
DA:87,0
DA:90,2
DA:93,0
DA:96,0
DA:99,2
DA:102,2
DA:105,2
DA:108,2
DA:111,2
DA:114,2
DA:117,2
DA:120,2
DA:123,3
DA:126,2
DA:129,2
DA:132,2
DA:135,2
DA:139,1
DA:142,1
LF:45
LH:30
end_of_record
SF:lib/l10n/app_localizations_es.dart
DA:9,0
DA:11,0
DA:14,0
DA:17,0
DA:20,0
DA:23,0
DA:26,0
DA:29,0
DA:32,0
DA:35,0
DA:38,0
DA:41,0
DA:44,0
DA:47,0
DA:50,0
DA:54,0
DA:57,0
DA:60,0
DA:63,0
DA:67,0
DA:70,0
DA:73,0
DA:76,0
DA:80,0
DA:83,0
DA:86,0
DA:89,0
DA:92,0
DA:95,0
DA:98,0
DA:101,0
DA:104,0
DA:107,0
DA:110,0
DA:113,0
DA:116,0
DA:119,0
DA:122,0
DA:125,0
DA:128,0
DA:131,0
DA:134,0
DA:137,0
DA:141,0
DA:144,0
LF:45
LH:0
end_of_record
SF:lib/l10n/app_localizations_fr.dart
DA:9,0
DA:11,0
DA:14,0
DA:17,0
DA:20,0
DA:23,0
DA:26,0
DA:29,0
DA:32,0
DA:35,0
DA:38,0
DA:41,0
DA:44,0
DA:47,0
DA:50,0
DA:54,0
DA:57,0
DA:60,0
DA:63,0
DA:67,0
DA:70,0
DA:73,0
DA:76,0
DA:80,0
DA:83,0
DA:86,0
DA:89,0
DA:92,0
DA:95,0
DA:98,0
DA:101,0
DA:104,0
DA:107,0
DA:110,0
DA:113,0
DA:116,0
DA:119,0
DA:122,0
DA:126,0
DA:129,0
DA:132,0
DA:135,0
DA:138,0
DA:142,0
DA:145,0
LF:45
LH:0
end_of_record
SF:lib/l10n/app_localizations_hi.dart
DA:9,0
DA:11,0
DA:14,0
DA:17,0
DA:20,0
DA:23,0
DA:26,0
DA:29,0
DA:32,0
DA:35,0
DA:38,0
DA:41,0
DA:44,0
DA:47,0
DA:50,0
DA:54,0
DA:57,0
DA:60,0
DA:63,0
DA:66,0
DA:69,0
DA:72,0
DA:75,0
DA:79,0
DA:82,0
DA:85,0
DA:88,0
DA:91,0
DA:94,0
DA:97,0
DA:100,0
DA:103,0
DA:106,0
DA:109,0
DA:112,0
DA:115,0
DA:118,0
DA:121,0
DA:124,0
DA:127,0
DA:130,0
DA:133,0
DA:136,0
DA:140,0
DA:143,0
LF:45
LH:0
end_of_record
SF:lib/l10n/app_localizations_it.dart
DA:9,0
DA:11,0
DA:14,0
DA:17,0
DA:20,0
DA:23,0
DA:26,0
DA:29,0
DA:32,0
DA:35,0
DA:38,0
DA:41,0
DA:44,0
DA:47,0
DA:50,0
DA:54,0
DA:57,0
DA:60,0
DA:63,0
DA:67,0
DA:70,0
DA:73,0
DA:76,0
DA:80,0
DA:83,0
DA:86,0
DA:89,0
DA:92,0
DA:95,0
DA:98,0
DA:101,0
DA:104,0
DA:107,0
DA:110,0
DA:113,0
DA:116,0
DA:119,0
DA:122,0
DA:126,0
DA:129,0
DA:132,0
DA:135,0
DA:138,0
DA:142,0
DA:145,0
LF:45
LH:0
end_of_record
SF:lib/l10n/app_localizations_ja.dart
DA:9,0
DA:11,0
DA:14,0
DA:17,0
DA:20,0
DA:23,0
DA:26,0
DA:29,0
DA:32,0
DA:35,0
DA:38,0
DA:41,0
DA:44,0
DA:47,0
DA:50,0
DA:53,0
DA:56,0
DA:59,0
DA:62,0
DA:65,0
DA:68,0
DA:71,0
DA:74,0
DA:77,0
DA:80,0
DA:83,0
DA:86,0
DA:89,0
DA:92,0
DA:95,0
DA:98,0
DA:101,0
DA:104,0
DA:107,0
DA:110,0
DA:113,0
DA:116,0
DA:119,0
DA:122,0
DA:125,0
DA:128,0
DA:131,0
DA:134,0
DA:137,0
DA:140,0
LF:45
LH:0
end_of_record
SF:lib/l10n/app_localizations_ko.dart
DA:9,0
DA:11,0
DA:14,0
DA:17,0
DA:20,0
DA:23,0
DA:26,0
DA:29,0
DA:32,0
DA:35,0
DA:38,0
DA:41,0
DA:44,0
DA:47,0
DA:50,0
DA:53,0
DA:56,0
DA:59,0
DA:62,0
DA:65,0
DA:68,0
DA:71,0
DA:74,0
DA:77,0
DA:80,0
DA:83,0
DA:86,0
DA:89,0
DA:92,0
DA:95,0
DA:98,0
DA:101,0
DA:104,0
DA:107,0
DA:110,0
DA:113,0
DA:116,0
DA:119,0
DA:122,0
DA:125,0
DA:128,0
DA:131,0
DA:134,0
DA:137,0
DA:140,0
LF:45
LH:0
end_of_record
SF:lib/l10n/app_localizations_ru.dart
DA:9,0
DA:11,0
DA:14,0
DA:17,0
DA:20,0
DA:23,0
DA:26,0
DA:29,0
DA:32,0
DA:35,0
DA:38,0
DA:41,0
DA:44,0
DA:47,0
DA:50,0
DA:54,0
DA:57,0
DA:60,0
DA:63,0
DA:66,0
DA:69,0
DA:72,0
DA:75,0
DA:79,0
DA:82,0
DA:85,0
DA:88,0
DA:91,0
DA:94,0
DA:97,0
DA:100,0
DA:103,0
DA:106,0
DA:109,0
DA:112,0
DA:115,0
DA:118,0
DA:121,0
DA:125,0
DA:128,0
DA:131,0
DA:134,0
DA:137,0
DA:141,0
DA:144,0
LF:45
LH:0
end_of_record
SF:lib/l10n/app_localizations_ur.dart
DA:9,0
DA:11,0
DA:14,0
DA:17,0
DA:20,0
DA:23,0
DA:26,0
DA:29,0
DA:32,0
DA:35,0
DA:38,0
DA:41,0
DA:44,0
DA:47,0
DA:50,0
DA:54,0
DA:57,0
DA:60,0
DA:63,0
DA:66,0
DA:69,0
DA:72,0
DA:75,0
DA:79,0
DA:82,0
DA:85,0
DA:88,0
DA:91,0
DA:94,0
DA:97,0
DA:100,0
DA:103,0
DA:106,0
DA:109,0
DA:112,0
DA:115,0
DA:118,0
DA:121,0
DA:125,0
DA:128,0
DA:131,0
DA:134,0
DA:137,0
DA:141,0
DA:144,0
LF:45
LH:0
end_of_record
SF:lib/l10n/app_localizations_zh.dart
DA:9,0
DA:11,0
DA:14,0
DA:17,0
DA:20,0
DA:23,0
DA:26,0
DA:29,0
DA:32,0
DA:35,0
DA:38,0
DA:41,0
DA:44,0
DA:47,0
DA:50,0
DA:53,0
DA:56,0
DA:59,0
DA:62,0
DA:65,0
DA:68,0
DA:71,0
DA:74,0
DA:77,0
DA:80,0
DA:83,0
DA:86,0
DA:89,0
DA:92,0
DA:95,0
DA:98,0
DA:101,0
DA:104,0
DA:107,0
DA:110,0
DA:113,0
DA:116,0
DA:119,0
DA:122,0
DA:125,0
DA:128,0
DA:131,0
DA:134,0
DA:137,0
DA:140,0
LF:45
LH:0
end_of_record
SF:lib/providers/audio_provider.dart
DA:17,3
DA:20,0
DA:21,0
DA:35,0
DA:36,0
DA:37,0
DA:38,0
DA:39,0
DA:41,0
DA:44,0
DA:46,0
DA:47,0
DA:49,0
DA:52,0
DA:53,0
DA:54,0
DA:55,0
DA:57,0
DA:60,0
DA:62,0
DA:63,0
DA:66,0
DA:67,0
DA:68,0
DA:69,0
DA:73,0
DA:74,0
DA:75,0
DA:76,0
DA:78,0
DA:80,0
DA:84,0
DA:85,0
DA:86,0
DA:87,0
DA:89,0
DA:90,0
DA:92,0
DA:93,0
DA:94,0
DA:95,0
DA:97,0
DA:99,0
DA:103,0
DA:104,0
DA:105,0
DA:106,0
DA:108,0
DA:111,0
DA:112,0
DA:115,0
DA:117,0
DA:118,0
DA:119,0
DA:120,0
DA:122,0
DA:126,0
DA:128,0
DA:129,0
DA:130,0
DA:132,0
LF:61
LH:1
end_of_record
SF:lib/screens/game/game.dart
DA:13,1
DA:15,8
DA:25,1
DA:33,1
DA:34,1
DA:35,1
DA:36,1
DA:37,1
DA:38,1
DA:39,1
DA:94,1
DA:100,1
DA:101,1
DA:102,2
DA:103,1
DA:106,2
DA:107,0
DA:108,0
DA:112,1
DA:113,6
DA:114,1
DA:115,1
DA:116,1
DA:117,1
DA:118,1
DA:121,2
DA:122,0
DA:123,0
DA:127,0
DA:128,0
DA:129,0
DA:130,0
DA:131,0
DA:132,0
DA:135,0
DA:136,0
DA:138,0
DA:139,0
DA:141,0
DA:142,0
DA:145,0
DA:149,0
DA:150,0
DA:153,1
DA:154,2
DA:156,2
DA:159,3
DA:160,3
DA:161,3
DA:164,3
DA:167,3
DA:170,3
DA:173,1
DA:174,2
DA:175,2
DA:178,1
DA:179,1
DA:180,2
DA:181,3
DA:182,2
DA:183,1
DA:184,1
DA:185,0
DA:186,0
DA:188,1
DA:189,1
DA:270,1
DA:271,4
DA:272,5
DA:275,1
DA:276,2
DA:277,10
DA:278,5
DA:283,1
DA:285,3
DA:286,1
DA:288,0
DA:291,1
DA:293,3
DA:294,1
DA:296,0
DA:299,2
DA:301,1
DA:302,3
DA:303,5
DA:304,1
DA:305,1
DA:306,1
DA:310,0
DA:311,0
DA:312,0
DA:313,0
DA:315,0
DA:321,0
DA:322,0
DA:323,0
DA:324,0
DA:325,0
DA:331,1
DA:332,3
DA:335,10
DA:336,1
DA:337,0
DA:338,0
DA:340,1
DA:342,3
DA:343,1
DA:347,1
DA:348,2
DA:351,2
DA:352,0
DA:353,0
DA:356,0
DA:357,0
DA:358,0
DA:359,0
DA:365,1
DA:367,1
DA:368,0
DA:372,1
DA:373,3
DA:376,3
DA:377,6
DA:378,3
DA:379,1
DA:380,4
DA:381,5
DA:382,1
DA:383,1
DA:385,0
DA:388,0
DA:394,3
DA:395,6
DA:396,6
DA:397,5
DA:398,1
DA:399,1
DA:401,0
DA:407,1
DA:408,1
DA:412,2
DA:413,1
DA:416,3
DA:417,10
DA:418,0
DA:422,8
DA:426,1
DA:427,1
DA:428,2
DA:430,2
DA:431,4
DA:433,4
DA:435,1
DA:439,0
DA:443,1
DA:444,1
DA:445,2
DA:447,2
DA:448,1
DA:450,2
DA:451,5
DA:452,2
DA:456,2
DA:459,1
DA:461,2
DA:462,10
DA:463,2
DA:464,2
DA:468,2
DA:473,0
DA:474,0
DA:475,0
DA:478,0
DA:484,1
DA:486,3
DA:487,3
DA:490,1
DA:493,1
DA:495,3
DA:496,3
DA:499,1
DA:503,1
DA:504,2
DA:506,2
DA:507,1
DA:508,2
DA:509,1
DA:511,4
DA:512,4
DA:516,1
DA:518,5
DA:519,2
DA:520,3
DA:521,3
DA:523,1
DA:526,2
DA:527,2
DA:528,4
DA:529,1
DA:532,2
DA:533,0
DA:534,0
DA:538,1
DA:540,2
DA:541,2
DA:542,3
DA:543,3
DA:545,1
DA:547,2
DA:548,2
DA:549,4
DA:550,1
DA:553,2
DA:554,0
DA:555,0
DA:559,1
DA:561,1
DA:563,4
DA:564,4
DA:565,1
DA:566,1
DA:569,2
DA:570,6
DA:572,4
DA:573,1
DA:578,2
DA:579,1
DA:585,0
DA:587,0
DA:588,0
DA:592,0
DA:593,0
DA:594,0
DA:595,0
DA:596,0
DA:600,0
DA:601,0
DA:602,0
DA:603,0
DA:606,0
DA:607,0
DA:612,0
DA:613,0
DA:614,0
DA:616,0
DA:617,0
DA:620,0
LF:247
LH:172
end_of_record
SF:lib/screens/home/home_screen.dart
DA:16,1
DA:18,1
DA:19,1
DA:30,1
DA:32,1
DA:34,2
DA:37,1
DA:39,2
DA:42,1
DA:44,2
DA:47,2
DA:48,1
DA:52,2
DA:53,1
DA:55,2
DA:56,1
DA:61,1
DA:63,1
DA:64,1
DA:65,3
DA:66,3
DA:67,2
DA:69,4
DA:70,1
DA:74,0
DA:75,0
DA:76,0
DA:78,0
DA:82,1
DA:84,2
DA:85,2
DA:86,4
DA:87,1
DA:90,1
DA:92,1
DA:93,1
DA:97,1
DA:98,1
DA:99,1
DA:100,2
DA:102,1
DA:103,1
DA:105,1
DA:106,1
DA:109,2
DA:112,1
DA:115,2
DA:117,1
DA:118,0
DA:119,0
DA:120,0
DA:123,2
DA:140,1
DA:141,1
DA:143,1
DA:144,1
DA:146,0
DA:147,1
DA:150,1
DA:152,0
DA:153,1
DA:159,0
DA:160,0
DA:162,0
DA:178,0
DA:180,0
DA:182,0
DA:183,0
DA:185,0
DA:187,0
DA:188,0
DA:189,0
DA:198,0
DA:199,0
DA:207,0
DA:208,0
DA:209,0
DA:210,0
DA:212,0
DA:213,0
DA:214,0
DA:218,0
DA:219,0
DA:220,0
DA:222,0
DA:223,0
DA:224,0
DA:238,0
DA:239,0
DA:241,0
DA:243,0
DA:244,0
DA:246,0
DA:248,0
DA:255,0
DA:256,0
DA:266,0
DA:268,0
DA:270,0
DA:272,0
DA:274,0
DA:276,0
DA:277,0
DA:279,0
DA:280,0
DA:281,0
DA:282,0
DA:284,0
DA:285,0
DA:305,0
DA:306,0
DA:307,0
DA:308,0
DA:311,0
DA:312,0
DA:313,0
DA:315,0
DA:316,0
DA:323,0
DA:324,0
DA:326,0
DA:327,0
DA:337,0
DA:339,0
DA:342,0
DA:355,1
DA:358,1
DA:360,1
DA:361,1
DA:362,1
DA:363,1
DA:372,1
DA:373,1
DA:375,1
DA:376,1
DA:377,1
DA:378,1
DA:379,1
DA:384,1
DA:394,1
DA:403,1
DA:405,1
DA:406,1
DA:407,1
DA:408,1
DA:409,1
DA:412,1
DA:414,1
DA:415,1
DA:416,1
DA:419,1
DA:421,1
DA:422,1
DA:423,1
DA:426,1
DA:429,1
DA:430,1
DA:431,3
DA:432,1
DA:433,4
DA:434,2
DA:442,1
DA:456,1
DA:457,1
DA:458,1
DA:459,1
DA:460,1
DA:461,1
DA:462,1
DA:469,0
DA:477,0
DA:479,0
DA:480,0
DA:481,0
DA:482,0
DA:483,0
DA:484,0
DA:485,0
LF:178
LH:96
end_of_record
SF:lib/widgets/home/animated_background.dart
DA:7,1
DA:9,1
DA:11,1
DA:12,1
DA:13,1
DA:14,1
DA:15,1
DA:16,1
DA:19,1
DA:20,1
DA:23,2
DA:25,1
DA:28,2
LF:13
LH:13
end_of_record
SF:lib/widgets/home/ambient_particles.dart
DA:5,1
DA:7,1
DA:8,1
DA:17,1
DA:19,1
DA:20,2
DA:23,1
DA:24,5
DA:27,1
DA:29,2
DA:30,1
DA:33,1
DA:35,1
DA:36,1
DA:37,1
DA:38,1
DA:39,1
DA:40,1
DA:41,1
DA:42,2
DA:56,1
DA:57,1
DA:58,2
DA:59,2
DA:60,4
DA:61,4
DA:62,4
DA:63,4
DA:64,3
DA:65,5
DA:73,1
DA:75,1
DA:77,2
DA:78,13
DA:79,13
DA:80,1
DA:81,2
DA:82,1
DA:83,3
DA:87,1
LF:40
LH:40
end_of_record
SF:lib/widgets/home/animated_title.dart
DA:9,1
DA:11,1
DA:13,1
DA:14,1
DA:15,1
DA:16,1
DA:17,1
DA:18,3
DA:19,1
DA:21,3
DA:23,1
DA:24,2
LF:12
LH:12
end_of_record
SF:lib/widgets/home/audio_settings.dart
DA:9,1
DA:11,1
DA:13,1
DA:14,1
DA:15,1
DA:16,1
DA:17,1
DA:19,1
DA:20,1
DA:21,1
DA:23,1
DA:24,1
DA:26,2
DA:27,0
DA:28,0
DA:33,1
DA:35,1
DA:36,1
DA:38,2
DA:39,0
DA:40,0
LF:21
LH:17
end_of_record
SF:lib/widgets/home/glass_icon_button.dart
DA:6,1
DA:17,1
DA:19,1
DA:20,1
DA:21,1
DA:22,1
DA:23,1
DA:24,1
DA:25,3
DA:26,1
DA:27,1
DA:29,3
DA:30,1
DA:34,1
DA:36,1
DA:37,3
DA:40,1
DA:41,1
DA:42,3
DA:48,2
DA:55,3
DA:56,2
LF:22
LH:22
end_of_record
SF:lib/widgets/home/mode_card.dart
DA:6,1
DA:25,1
DA:26,1
DA:32,0
DA:33,0
DA:34,0
DA:38,0
DA:39,0
DA:40,0
DA:41,0
DA:45,1
DA:47,1
DA:50,1
DA:51,1
DA:54,1
DA:55,1
DA:56,1
DA:57,0
DA:58,0
DA:59,0
DA:60,3
DA:61,3
DA:62,1
DA:63,1
DA:65,1
DA:67,1
DA:69,1
DA:72,1
DA:74,1
DA:75,1
DA:76,3
DA:77,3
DA:82,1
DA:83,1
DA:84,3
DA:90,4
DA:93,1
DA:94,1
DA:96,1
DA:97,1
DA:98,1
DA:99,1
DA:100,1
DA:101,2
DA:112,2
DA:113,0
DA:118,0
DA:119,0
DA:120,0
DA:121,0
DA:122,0
DA:124,0
DA:125,0
DA:137,1
DA:138,2
DA:141,1
DA:145,1
DA:152,1
DA:154,2
DA:155,1
DA:156,0
LF:61
LH:42
end_of_record
SF:lib/widgets/home/audio_setting_row.dart
DA:10,1
DA:18,1
DA:19,1
DA:25,1
DA:27,1
DA:28,3
DA:31,0
DA:32,0
DA:33,0
DA:34,0
DA:38,1
DA:40,1
DA:41,1
DA:42,1
DA:43,1
DA:44,1
DA:45,3
DA:46,1
DA:50,1
DA:51,1
DA:52,2
DA:61,1
DA:62,1
DA:63,0
DA:66,3
LF:25
LH:20
end_of_record
SF:lib/widgets/home/glass_morphism_container.dart
DA:6,1
DA:13,1
DA:15,1
DA:16,1
DA:17,1
DA:18,1
DA:19,1
DA:20,1
DA:21,1
DA:22,1
DA:23,1
DA:24,3
DA:25,3
DA:30,1
DA:31,1
DA:32,3
DA:36,1
LF:17
LH:17
end_of_record
