SF:lib/dialogs/game/game_over_dialog.dart
DA:13,2
DA:22,2
DA:24,2
DA:25,6
DA:26,2
DA:28,2
DA:29,2
DA:31,2
DA:33,2
DA:40,2
DA:41,2
DA:51,2
DA:52,2
DA:54,2
DA:55,2
DA:56,2
DA:57,2
DA:66,2
DA:68,2
DA:69,4
DA:70,8
DA:71,8
DA:79,2
DA:80,2
DA:81,2
DA:82,2
DA:83,2
DA:84,2
DA:85,2
DA:86,2
DA:88,2
DA:90,2
DA:93,2
DA:94,2
DA:108,2
DA:109,2
DA:110,2
DA:111,2
DA:112,2
DA:113,2
DA:115,2
DA:117,2
DA:120,2
DA:121,2
DA:143,2
DA:144,2
DA:145,2
DA:146,2
DA:156,2
LF:49
LH:49
end_of_record
SF:lib/l10n/app_localizations.dart
DA:76,7
DA:77,14
DA:81,7
DA:82,7
DA:390,4
DA:392,7
DA:394,14
DA:397,7
DA:398,7
DA:412,14
DA:414,1
DA:418,7
DA:420,7
DA:421,7
DA:422,0
DA:423,7
DA:424,0
DA:425,7
DA:426,0
DA:427,7
DA:428,7
DA:429,0
DA:430,0
DA:431,0
DA:432,0
DA:433,0
DA:434,0
DA:435,0
DA:436,0
DA:437,0
DA:438,0
DA:439,0
DA:440,0
DA:441,0
DA:442,0
DA:443,0
DA:444,0
DA:445,0
DA:446,0
DA:449,0
LF:40
LH:18
end_of_record
SF:lib/providers/locale_provider.dart
DA:6,16
DA:8,2
DA:9,4
DA:10,2
DA:11,2
LF:5
LH:5
end_of_record
SF:lib/widgets/home/glass_morphism_card.dart
DA:6,8
DA:13,9
DA:15,9
DA:16,9
DA:17,9
DA:18,9
DA:19,9
DA:20,9
DA:21,9
DA:22,9
DA:23,9
DA:24,27
DA:25,27
DA:30,9
DA:31,9
DA:32,27
DA:35,9
DA:36,9
DA:37,27
DA:43,9
LF:20
LH:20
end_of_record
SF:lib/dialogs/game/main_menu_confirm_dialog.dart
DA:9,2
DA:15,2
DA:17,2
DA:18,2
DA:20,2
DA:21,2
DA:23,2
DA:25,2
DA:32,2
DA:33,2
DA:42,2
DA:43,2
DA:53,2
DA:54,2
DA:55,2
DA:56,2
DA:57,2
DA:58,2
DA:59,2
DA:60,2
DA:62,2
DA:64,2
DA:67,2
DA:68,2
DA:82,2
DA:83,2
DA:84,2
DA:85,2
DA:86,2
DA:87,2
DA:89,2
DA:91,2
DA:94,2
DA:95,2
LF:34
LH:34
end_of_record
SF:lib/dialogs/game/pause_dialog.dart
DA:10,3
DA:17,3
DA:19,3
DA:20,3
DA:22,3
DA:23,3
DA:25,3
DA:27,3
DA:34,3
DA:35,3
DA:44,3
DA:46,6
DA:56,3
DA:57,3
DA:59,3
DA:61,3
DA:62,3
DA:63,3
DA:64,3
DA:65,3
DA:67,3
DA:69,3
DA:72,3
DA:73,3
DA:89,3
DA:91,3
DA:92,3
DA:93,3
DA:94,3
DA:95,3
DA:97,3
DA:99,3
DA:102,3
DA:103,3
LF:34
LH:34
end_of_record
SF:lib/dialogs/game/restart_confirm_dialog.dart
DA:9,2
DA:15,2
DA:17,2
DA:18,2
DA:20,2
DA:21,2
DA:23,2
DA:25,2
DA:32,2
DA:33,2
DA:42,2
DA:43,2
DA:53,2
DA:54,2
DA:55,2
DA:56,2
DA:57,2
DA:58,2
DA:59,2
DA:60,2
DA:62,2
DA:64,2
DA:67,2
DA:68,2
DA:82,2
DA:83,2
DA:84,2
DA:85,2
DA:86,2
DA:87,2
DA:89,2
DA:91,2
DA:94,2
DA:95,2
LF:34
LH:34
end_of_record
SF:lib/l10n/app_localizations_ar.dart
DA:9,0
DA:11,0
DA:14,0
DA:17,0
DA:20,0
DA:23,0
DA:26,0
DA:29,0
DA:32,0
DA:35,0
DA:38,0
DA:41,0
DA:44,0
DA:47,0
DA:50,0
DA:53,0
DA:56,0
DA:59,0
DA:62,0
DA:65,0
DA:68,0
DA:71,0
DA:74,0
DA:77,0
DA:80,0
DA:83,0
DA:86,0
DA:89,0
DA:92,0
DA:95,0
DA:98,0
DA:101,0
DA:104,0
DA:107,0
DA:110,0
DA:113,0
DA:116,0
DA:119,0
DA:122,0
DA:125,0
DA:128,0
DA:131,0
DA:134,0
DA:138,0
DA:141,0
LF:45
LH:0
end_of_record
SF:lib/l10n/app_localizations_bn.dart
DA:9,0
DA:11,0
DA:14,0
DA:17,0
DA:20,0
DA:23,0
DA:26,0
DA:29,0
DA:32,0
DA:35,0
DA:38,0
DA:41,0
DA:44,0
DA:47,0
DA:50,0
DA:54,0
DA:57,0
DA:60,0
DA:63,0
DA:66,0
DA:69,0
DA:73,0
DA:76,0
DA:80,0
DA:83,0
DA:86,0
DA:89,0
DA:92,0
DA:95,0
DA:98,0
DA:101,0
DA:104,0
DA:107,0
DA:110,0
DA:113,0
DA:116,0
DA:119,0
DA:122,0
DA:125,0
DA:128,0
DA:131,0
DA:134,0
DA:137,0
DA:141,0
DA:144,0
LF:45
LH:0
end_of_record
SF:lib/l10n/app_localizations_de.dart
DA:9,0
DA:11,0
DA:14,0
DA:17,0
DA:20,0
DA:23,0
DA:26,0
DA:29,0
DA:32,0
DA:35,0
DA:38,0
DA:41,0
DA:44,0
DA:47,0
DA:50,0
DA:54,0
DA:57,0
DA:60,0
DA:63,0
DA:67,0
DA:70,0
DA:74,0
DA:77,0
DA:81,0
DA:84,0
DA:87,0
DA:90,0
DA:93,0
DA:96,0
DA:99,0
DA:102,0
DA:105,0
DA:108,0
DA:111,0
DA:114,0
DA:117,0
DA:120,0
DA:123,0
DA:127,0
DA:130,0
DA:133,0
DA:136,0
DA:139,0
DA:143,0
DA:146,0
LF:45
LH:0
end_of_record
SF:lib/l10n/app_localizations_en.dart
DA:9,14
DA:11,1
DA:14,1
DA:17,1
DA:20,1
DA:23,1
DA:26,1
DA:29,1
DA:32,1
DA:35,1
DA:38,1
DA:41,1
DA:44,0
DA:47,0
DA:50,0
DA:53,0
DA:56,0
DA:59,0
DA:62,0
DA:65,0
DA:68,0
DA:71,0
DA:74,0
DA:78,0
DA:81,5
DA:84,2
DA:87,0
DA:90,3
DA:93,0
DA:96,0
DA:99,2
DA:102,2
DA:105,2
DA:108,2
DA:111,2
DA:114,2
DA:117,2
DA:120,2
DA:123,3
DA:126,3
DA:129,3
DA:132,2
DA:135,2
DA:139,1
DA:142,1
LF:45
LH:30
end_of_record
SF:lib/l10n/app_localizations_es.dart
DA:9,0
DA:11,0
DA:14,0
DA:17,0
DA:20,0
DA:23,0
DA:26,0
DA:29,0
DA:32,0
DA:35,0
DA:38,0
DA:41,0
DA:44,0
DA:47,0
DA:50,0
DA:54,0
DA:57,0
DA:60,0
DA:63,0
DA:67,0
DA:70,0
DA:73,0
DA:76,0
DA:80,0
DA:83,0
DA:86,0
DA:89,0
DA:92,0
DA:95,0
DA:98,0
DA:101,0
DA:104,0
DA:107,0
DA:110,0
DA:113,0
DA:116,0
DA:119,0
DA:122,0
DA:125,0
DA:128,0
DA:131,0
DA:134,0
DA:137,0
DA:141,0
DA:144,0
LF:45
LH:0
end_of_record
SF:lib/l10n/app_localizations_fr.dart
DA:9,0
DA:11,0
DA:14,0
DA:17,0
DA:20,0
DA:23,0
DA:26,0
DA:29,0
DA:32,0
DA:35,0
DA:38,0
DA:41,0
DA:44,0
DA:47,0
DA:50,0
DA:54,0
DA:57,0
DA:60,0
DA:63,0
DA:67,0
DA:70,0
DA:73,0
DA:76,0
DA:80,0
DA:83,0
DA:86,0
DA:89,0
DA:92,0
DA:95,0
DA:98,0
DA:101,0
DA:104,0
DA:107,0
DA:110,0
DA:113,0
DA:116,0
DA:119,0
DA:122,0
DA:126,0
DA:129,0
DA:132,0
DA:135,0
DA:138,0
DA:142,0
DA:145,0
LF:45
LH:0
end_of_record
SF:lib/l10n/app_localizations_hi.dart
DA:9,0
DA:11,0
DA:14,0
DA:17,0
DA:20,0
DA:23,0
DA:26,0
DA:29,0
DA:32,0
DA:35,0
DA:38,0
DA:41,0
DA:44,0
DA:47,0
DA:50,0
DA:54,0
DA:57,0
DA:60,0
DA:63,0
DA:66,0
DA:69,0
DA:72,0
DA:75,0
DA:79,0
DA:82,0
DA:85,0
DA:88,0
DA:91,0
DA:94,0
DA:97,0
DA:100,0
DA:103,0
DA:106,0
DA:109,0
DA:112,0
DA:115,0
DA:118,0
DA:121,0
DA:124,0
DA:127,0
DA:130,0
DA:133,0
DA:136,0
DA:140,0
DA:143,0
LF:45
LH:0
end_of_record
SF:lib/l10n/app_localizations_it.dart
DA:9,0
DA:11,0
DA:14,0
DA:17,0
DA:20,0
DA:23,0
DA:26,0
DA:29,0
DA:32,0
DA:35,0
DA:38,0
DA:41,0
DA:44,0
DA:47,0
DA:50,0
DA:54,0
DA:57,0
DA:60,0
DA:63,0
DA:67,0
DA:70,0
DA:73,0
DA:76,0
DA:80,0
DA:83,0
DA:86,0
DA:89,0
DA:92,0
DA:95,0
DA:98,0
DA:101,0
DA:104,0
DA:107,0
DA:110,0
DA:113,0
DA:116,0
DA:119,0
DA:122,0
DA:126,0
DA:129,0
DA:132,0
DA:135,0
DA:138,0
DA:142,0
DA:145,0
LF:45
LH:0
end_of_record
SF:lib/l10n/app_localizations_ja.dart
DA:9,0
DA:11,0
DA:14,0
DA:17,0
DA:20,0
DA:23,0
DA:26,0
DA:29,0
DA:32,0
DA:35,0
DA:38,0
DA:41,0
DA:44,0
DA:47,0
DA:50,0
DA:53,0
DA:56,0
DA:59,0
DA:62,0
DA:65,0
DA:68,0
DA:71,0
DA:74,0
DA:77,0
DA:80,0
DA:83,0
DA:86,0
DA:89,0
DA:92,0
DA:95,0
DA:98,0
DA:101,0
DA:104,0
DA:107,0
DA:110,0
DA:113,0
DA:116,0
DA:119,0
DA:122,0
DA:125,0
DA:128,0
DA:131,0
DA:134,0
DA:137,0
DA:140,0
LF:45
LH:0
end_of_record
SF:lib/l10n/app_localizations_ko.dart
DA:9,0
DA:11,0
DA:14,0
DA:17,0
DA:20,0
DA:23,0
DA:26,0
DA:29,0
DA:32,0
DA:35,0
DA:38,0
DA:41,0
DA:44,0
DA:47,0
DA:50,0
DA:53,0
DA:56,0
DA:59,0
DA:62,0
DA:65,0
DA:68,0
DA:71,0
DA:74,0
DA:77,0
DA:80,0
DA:83,0
DA:86,0
DA:89,0
DA:92,0
DA:95,0
DA:98,0
DA:101,0
DA:104,0
DA:107,0
DA:110,0
DA:113,0
DA:116,0
DA:119,0
DA:122,0
DA:125,0
DA:128,0
DA:131,0
DA:134,0
DA:137,0
DA:140,0
LF:45
LH:0
end_of_record
SF:lib/l10n/app_localizations_ru.dart
DA:9,0
DA:11,0
DA:14,0
DA:17,0
DA:20,0
DA:23,0
DA:26,0
DA:29,0
DA:32,0
DA:35,0
DA:38,0
DA:41,0
DA:44,0
DA:47,0
DA:50,0
DA:54,0
DA:57,0
DA:60,0
DA:63,0
DA:66,0
DA:69,0
DA:72,0
DA:75,0
DA:79,0
DA:82,0
DA:85,0
DA:88,0
DA:91,0
DA:94,0
DA:97,0
DA:100,0
DA:103,0
DA:106,0
DA:109,0
DA:112,0
DA:115,0
DA:118,0
DA:121,0
DA:125,0
DA:128,0
DA:131,0
DA:134,0
DA:137,0
DA:141,0
DA:144,0
LF:45
LH:0
end_of_record
SF:lib/l10n/app_localizations_ur.dart
DA:9,0
DA:11,0
DA:14,0
DA:17,0
DA:20,0
DA:23,0
DA:26,0
DA:29,0
DA:32,0
DA:35,0
DA:38,0
DA:41,0
DA:44,0
DA:47,0
DA:50,0
DA:54,0
DA:57,0
DA:60,0
DA:63,0
DA:66,0
DA:69,0
DA:72,0
DA:75,0
DA:79,0
DA:82,0
DA:85,0
DA:88,0
DA:91,0
DA:94,0
DA:97,0
DA:100,0
DA:103,0
DA:106,0
DA:109,0
DA:112,0
DA:115,0
DA:118,0
DA:121,0
DA:125,0
DA:128,0
DA:131,0
DA:134,0
DA:137,0
DA:141,0
DA:144,0
LF:45
LH:0
end_of_record
SF:lib/l10n/app_localizations_zh.dart
DA:9,0
DA:11,0
DA:14,0
DA:17,0
DA:20,0
DA:23,0
DA:26,0
DA:29,0
DA:32,0
DA:35,0
DA:38,0
DA:41,0
DA:44,0
DA:47,0
DA:50,0
DA:53,0
DA:56,0
DA:59,0
DA:62,0
DA:65,0
DA:68,0
DA:71,0
DA:74,0
DA:77,0
DA:80,0
DA:83,0
DA:86,0
DA:89,0
DA:92,0
DA:95,0
DA:98,0
DA:101,0
DA:104,0
DA:107,0
DA:110,0
DA:113,0
DA:116,0
DA:119,0
DA:122,0
DA:125,0
DA:128,0
DA:131,0
DA:134,0
DA:137,0
DA:140,0
LF:45
LH:0
end_of_record
SF:lib/providers/audio_provider.dart
DA:26,1
DA:27,1
DA:30,1
DA:31,1
DA:32,1
DA:33,1
DA:35,6
DA:38,0
DA:39,0
DA:40,0
DA:45,4
DA:46,8
DA:58,1
DA:59,2
DA:60,1
DA:61,1
DA:62,0
DA:64,1
DA:67,1
DA:69,1
DA:70,0
DA:72,1
DA:75,1
DA:76,2
DA:77,1
DA:78,0
DA:80,1
DA:83,1
DA:85,2
DA:86,2
DA:87,1
DA:90,1
DA:91,1
DA:92,1
DA:93,2
DA:97,1
DA:98,2
DA:99,3
DA:100,2
DA:102,1
DA:104,0
DA:108,1
DA:109,1
DA:110,1
DA:111,2
DA:113,1
DA:114,2
DA:117,5
DA:118,4
DA:119,1
DA:120,3
DA:121,2
DA:123,1
DA:124,1
DA:126,0
DA:130,1
DA:131,2
DA:132,1
DA:133,2
DA:135,1
DA:138,1
DA:139,1
DA:140,1
DA:145,1
DA:146,2
DA:147,3
DA:150,0
DA:154,1
DA:157,0
DA:158,2
DA:159,2
DA:160,1
DA:162,0
DA:166,0
DA:169,0
DA:170,0
DA:171,0
DA:173,0
LF:78
LH:62
end_of_record
SF:lib/screens/game/game.dart
DA:20,1
DA:30,1
DA:39,1
DA:40,2
DA:41,1
DA:42,1
DA:43,1
DA:44,1
DA:45,1
DA:46,1
DA:54,6
DA:56,40
DA:66,5
DA:74,5
DA:75,5
DA:76,5
DA:77,5
DA:78,3
DA:79,5
DA:80,5
DA:148,4
DA:155,3
DA:156,3
DA:158,4
DA:160,4
DA:161,8
DA:162,4
DA:165,4
DA:167,3
DA:168,6
DA:172,13
DA:173,6
DA:174,8
DA:178,4
DA:179,24
DA:180,4
DA:181,4
DA:182,4
DA:183,4
DA:184,4
DA:186,4
DA:188,3
DA:189,6
DA:191,4
DA:192,4
DA:196,2
DA:197,2
DA:198,4
DA:199,2
DA:200,2
DA:201,2
DA:204,3
DA:205,3
DA:207,3
DA:208,1
DA:209,1
DA:211,3
DA:212,1
DA:213,2
DA:214,1
DA:216,2
DA:217,3
DA:219,0
DA:220,0
DA:224,6
DA:225,3
DA:228,4
DA:229,8
DA:231,8
DA:232,14
DA:237,12
DA:238,12
DA:239,12
DA:242,12
DA:245,12
DA:248,12
DA:251,4
DA:252,9
DA:253,8
DA:256,4
DA:257,4
DA:258,8
DA:259,12
DA:260,8
DA:261,4
DA:262,4
DA:263,1
DA:264,1
DA:266,4
DA:267,4
DA:348,4
DA:349,16
DA:350,20
DA:353,4
DA:354,8
DA:355,40
DA:356,20
DA:361,3
DA:363,9
DA:364,1
DA:366,2
DA:369,3
DA:371,9
DA:372,1
DA:374,2
DA:377,8
DA:379,4
DA:380,12
DA:381,20
DA:382,4
DA:383,4
DA:384,4
DA:388,2
DA:389,6
DA:390,12
DA:391,4
DA:393,2
DA:399,4
DA:400,6
DA:401,2
DA:402,2
DA:403,2
DA:409,4
DA:410,12
DA:413,40
DA:414,4
DA:415,3
DA:416,3
DA:418,4
DA:420,25
DA:421,4
DA:425,4
DA:426,8
DA:428,3
DA:429,1
DA:430,3
DA:431,1
DA:432,2
DA:434,2
DA:435,0
DA:436,0
DA:442,3
DA:444,3
DA:445,2
DA:449,3
DA:450,9
DA:453,3
DA:454,6
DA:455,3
DA:456,1
DA:457,0
DA:458,0
DA:459,0
DA:460,0
DA:462,0
DA:465,6
DA:471,3
DA:472,6
DA:473,6
DA:474,5
DA:475,1
DA:476,1
DA:478,0
DA:484,4
DA:485,4
DA:489,8
DA:490,2
DA:493,12
DA:494,40
DA:495,1
DA:499,32
DA:503,4
DA:504,4
DA:505,4
DA:507,2
DA:508,4
DA:509,10
DA:511,8
DA:513,4
DA:517,1
DA:521,2
DA:522,2
DA:523,4
DA:525,4
DA:526,2
DA:528,4
DA:529,10
DA:530,4
DA:534,4
DA:535,4
DA:538,2
DA:540,2
DA:541,10
DA:542,2
DA:543,2
DA:547,2
DA:548,2
DA:553,2
DA:554,10
DA:555,0
DA:558,8
DA:564,2
DA:566,6
DA:567,6
DA:570,2
DA:573,1
DA:575,3
DA:576,3
DA:579,1
DA:583,2
DA:584,4
DA:585,3
DA:586,1
DA:587,2
DA:588,1
DA:590,4
DA:591,4
DA:595,2
DA:597,7
DA:598,4
DA:599,6
DA:600,6
DA:602,2
DA:605,2
DA:606,0
DA:607,0
DA:611,2
DA:613,9
DA:614,4
DA:615,6
DA:616,6
DA:618,2
DA:621,2
DA:622,0
DA:623,0
DA:627,4
DA:629,4
DA:631,16
DA:632,16
DA:633,2
DA:634,2
DA:637,4
DA:638,12
DA:640,8
DA:641,2
DA:646,6
DA:647,2
DA:653,1
DA:655,4
DA:656,5
DA:657,1
DA:661,1
DA:662,3
DA:663,3
DA:664,3
DA:665,0
DA:669,1
DA:670,1
DA:671,3
DA:672,6
DA:675,2
DA:676,8
DA:681,1
DA:682,1
DA:683,1
DA:685,7
DA:686,1
DA:689,1
DA:692,4
DA:693,8
DA:696,8
DA:697,6
LF:272
LH:256
end_of_record
SF:lib/models/game_settings.dart
DA:30,1
DA:34,2
DA:39,2
DA:42,2
DA:45,2
DA:48,2
DA:53,6
DA:56,6
DA:58,2
DA:61,2
DA:62,6
DA:63,6
DA:64,6
DA:66,2
DA:67,10
DA:69,2
DA:70,6
LF:17
LH:17
end_of_record
SF:lib/dialogs/game/custom_game_dialog.dart
DA:7,2
DA:9,1
DA:10,1
DA:16,1
DA:18,1
DA:19,1
DA:22,1
DA:24,1
DA:26,1
DA:27,1
DA:29,1
DA:31,1
DA:32,1
DA:42,1
DA:44,1
DA:46,1
DA:48,1
DA:56,1
DA:57,1
DA:59,1
DA:60,1
DA:70,1
DA:71,1
DA:72,1
DA:74,1
DA:76,1
DA:78,1
DA:85,1
DA:86,3
DA:87,1
DA:88,1
DA:89,0
DA:90,0
DA:91,0
DA:94,1
DA:96,1
DA:97,2
DA:98,1
DA:99,1
DA:100,1
DA:104,1
DA:107,1
DA:119,1
DA:120,1
DA:122,1
DA:123,1
DA:133,1
DA:134,1
DA:135,1
DA:137,1
DA:139,1
DA:141,1
DA:145,1
DA:155,1
DA:156,3
DA:159,1
DA:161,1
DA:162,2
DA:166,4
DA:167,0
DA:174,1
DA:175,3
DA:176,1
DA:177,1
DA:178,0
DA:179,1
DA:181,1
DA:182,2
DA:183,1
DA:184,1
DA:185,1
DA:189,1
DA:192,1
DA:204,1
DA:205,1
DA:207,1
DA:208,1
DA:218,3
DA:219,0
DA:222,1
DA:232,1
DA:233,3
DA:236,1
DA:238,1
DA:239,2
DA:243,4
DA:244,0
DA:251,1
DA:252,1
DA:253,1
DA:254,1
DA:255,1
DA:265,1
DA:268,2
DA:269,1
DA:272,1
DA:274,2
DA:275,1
DA:276,1
DA:278,1
DA:285,1
DA:286,1
DA:287,1
DA:288,1
DA:289,1
DA:290,1
DA:292,1
DA:293,1
DA:294,0
DA:295,1
DA:297,1
DA:313,1
DA:314,1
DA:315,1
DA:321,1
DA:323,1
DA:325,1
DA:326,1
DA:327,0
DA:328,0
DA:329,0
DA:331,0
DA:334,1
DA:336,1
LF:124
LH:112
end_of_record
SF:lib/screens/home/home_screen.dart
DA:18,0
DA:20,1
DA:21,1
DA:32,1
DA:34,1
DA:36,2
DA:39,1
DA:41,2
DA:44,1
DA:46,2
DA:49,2
DA:50,1
DA:54,2
DA:55,1
DA:57,2
DA:58,1
DA:63,1
DA:65,1
DA:66,1
DA:67,3
DA:68,2
DA:69,2
DA:73,1
DA:86,1
DA:88,2
DA:89,2
DA:92,1
DA:95,1
DA:97,1
DA:98,1
DA:102,1
DA:103,1
DA:104,1
DA:105,2
DA:107,1
DA:108,1
DA:110,1
DA:111,1
DA:114,2
DA:117,1
DA:120,2
DA:122,1
DA:123,3
DA:127,3
DA:131,3
DA:135,2
DA:138,2
DA:155,1
DA:156,1
DA:158,1
DA:159,1
DA:161,0
DA:162,1
DA:165,1
DA:167,0
DA:168,1
DA:174,0
DA:175,0
DA:177,0
DA:193,0
DA:195,0
DA:197,0
DA:198,0
DA:200,0
DA:202,0
DA:203,0
DA:204,0
DA:213,0
DA:214,0
DA:222,0
DA:223,0
DA:224,0
DA:225,0
DA:227,0
DA:228,0
DA:229,0
DA:233,0
DA:234,0
DA:235,0
DA:237,0
DA:238,0
DA:239,0
DA:253,0
DA:254,0
DA:256,0
DA:258,0
DA:259,0
DA:261,0
DA:263,0
DA:270,0
DA:271,0
DA:281,0
DA:283,0
DA:285,0
DA:287,0
DA:289,0
DA:291,0
DA:292,0
DA:294,0
DA:295,0
DA:296,0
DA:297,0
DA:299,0
DA:300,0
DA:320,1
DA:321,1
DA:323,1
DA:327,0
DA:328,0
DA:329,0
DA:330,0
DA:333,0
DA:334,0
DA:335,0
DA:337,0
DA:338,0
DA:345,0
DA:346,0
DA:348,0
DA:349,0
DA:359,0
DA:361,0
DA:364,0
DA:377,1
DA:380,1
DA:382,1
DA:383,1
DA:384,1
DA:385,1
DA:394,1
DA:395,1
DA:397,1
DA:398,1
DA:399,1
DA:400,1
DA:401,1
DA:406,1
DA:416,1
DA:427,1
DA:429,1
DA:430,1
DA:431,1
DA:432,1
DA:433,1
DA:436,1
DA:438,1
DA:439,1
DA:440,1
DA:443,1
DA:445,1
DA:446,1
DA:447,1
DA:450,1
DA:452,1
DA:457,1
DA:460,1
DA:461,1
DA:462,3
DA:463,1
DA:464,4
DA:465,2
DA:473,1
DA:487,1
DA:488,1
DA:489,1
DA:490,1
DA:491,1
DA:492,1
DA:493,1
DA:500,0
DA:508,0
DA:510,0
DA:511,0
DA:512,0
DA:513,0
DA:514,0
DA:515,0
DA:516,0
LF:178
LH:102
end_of_record
SF:lib/widgets/home/animated_background.dart
DA:7,1
DA:9,1
DA:11,1
DA:12,1
DA:13,1
DA:14,1
DA:15,1
DA:16,1
DA:19,1
DA:20,1
DA:23,2
DA:25,1
DA:28,2
LF:13
LH:13
end_of_record
SF:lib/widgets/home/ambient_particles.dart
DA:5,2
DA:7,1
DA:8,1
DA:17,1
DA:19,1
DA:20,2
DA:23,1
DA:24,5
DA:27,1
DA:29,2
DA:30,1
DA:33,1
DA:35,1
DA:36,1
DA:37,1
DA:38,1
DA:39,1
DA:40,1
DA:41,1
DA:42,2
DA:56,1
DA:57,1
DA:58,2
DA:59,2
DA:60,4
DA:61,4
DA:62,4
DA:63,4
DA:64,3
DA:65,5
DA:73,1
DA:75,1
DA:77,2
DA:78,13
DA:79,13
DA:80,1
DA:81,2
DA:82,1
DA:83,3
DA:87,1
LF:40
LH:40
end_of_record
SF:lib/widgets/home/animated_title.dart
DA:9,1
DA:11,1
DA:13,1
DA:14,1
DA:15,1
DA:16,1
DA:17,1
DA:18,3
DA:19,1
DA:21,3
DA:23,1
DA:24,2
LF:12
LH:12
end_of_record
SF:lib/widgets/home/audio_settings.dart
DA:9,2
DA:11,1
DA:13,1
DA:14,1
DA:15,1
DA:16,1
DA:17,1
DA:19,1
DA:20,1
DA:21,1
DA:23,1
DA:24,1
DA:26,1
DA:27,0
DA:28,0
DA:33,1
DA:35,1
DA:36,1
DA:38,1
DA:39,0
DA:40,0
LF:21
LH:17
end_of_record
SF:lib/widgets/home/glass_icon_button.dart
DA:6,1
DA:17,1
DA:19,1
DA:20,1
DA:21,1
DA:22,1
DA:23,1
DA:24,1
DA:25,3
DA:26,1
DA:27,1
DA:29,3
DA:30,1
DA:34,1
DA:36,1
DA:37,3
DA:40,1
DA:41,1
DA:42,3
DA:48,2
DA:55,3
DA:56,2
LF:22
LH:22
end_of_record
SF:lib/widgets/home/mode_card.dart
DA:6,1
DA:25,1
DA:26,1
DA:32,1
DA:33,2
DA:34,3
DA:38,1
DA:39,2
DA:40,1
DA:41,5
DA:45,1
DA:47,1
DA:50,1
DA:51,1
DA:54,1
DA:55,1
DA:56,1
DA:57,2
DA:58,0
DA:59,2
DA:60,3
DA:61,3
DA:62,1
DA:63,1
DA:65,1
DA:67,1
DA:69,1
DA:72,1
DA:74,1
DA:75,1
DA:76,3
DA:77,3
DA:82,1
DA:83,1
DA:84,3
DA:90,4
DA:93,1
DA:94,1
DA:96,1
DA:97,1
DA:98,1
DA:99,1
DA:100,1
DA:101,2
DA:112,2
DA:113,0
DA:118,0
DA:119,0
DA:120,0
DA:121,0
DA:122,0
DA:124,0
DA:125,0
DA:137,1
DA:138,2
DA:141,1
DA:145,1
DA:152,1
DA:154,2
DA:155,1
DA:156,0
LF:61
LH:51
end_of_record
SF:lib/widgets/home/audio_setting_row.dart
DA:10,1
DA:18,1
DA:19,1
DA:25,1
DA:27,1
DA:28,3
DA:31,0
DA:32,0
DA:33,0
DA:34,0
DA:38,1
DA:40,1
DA:41,1
DA:42,1
DA:43,1
DA:44,1
DA:45,3
DA:46,1
DA:50,1
DA:51,1
DA:52,2
DA:61,1
DA:62,1
DA:63,0
DA:66,3
LF:25
LH:20
end_of_record
SF:lib/widgets/home/glass_morphism_container.dart
DA:6,1
DA:13,1
DA:15,1
DA:16,1
DA:17,1
DA:18,1
DA:19,1
DA:20,1
DA:21,1
DA:22,1
DA:23,1
DA:24,3
DA:25,3
DA:30,1
DA:31,1
DA:32,3
DA:36,1
LF:17
LH:17
end_of_record
SF:lib/widgets/game/header_button.dart
DA:9,1
DA:16,1
DA:18,1
DA:19,1
DA:20,1
DA:21,1
DA:22,1
DA:24,1
DA:26,1
DA:27,2
DA:29,1
DA:30,1
LF:12
LH:12
end_of_record
